{
  "/Users/josephm@backbase.com/Documents/Personal/Agentic notes/Projects/Ollama-CLI-application/src/core/types/errors.types.ts": {
    "path": "/Users/josephm@backbase.com/Documents/Personal/Agentic notes/Projects/Ollama-CLI-application/src/core/types/errors.types.ts",
    "statementMap": {
      "0": { "start": { "line": 12, "column": 6 }, "end": { "line": 12, "column": null } },
      "1": { "start": { "line": 13, "column": 6 }, "end": { "line": 13, "column": null } },
      "2": { "start": { "line": 21, "column": 4 }, "end": { "line": 21, "column": null } },
      "3": { "start": { "line": 18, "column": 20 }, "end": { "line": 18, "column": null } },
      "4": { "start": { "line": 19, "column": 20 }, "end": { "line": 19, "column": null } },
      "5": { "start": { "line": 22, "column": 4 }, "end": { "line": 22, "column": null } },
      "6": { "start": { "line": 25, "column": 4 }, "end": { "line": 27, "column": null } },
      "7": { "start": { "line": 26, "column": 6 }, "end": { "line": 26, "column": null } },
      "8": { "start": { "line": 34, "column": 4 }, "end": { "line": 41, "column": null } },
      "9": { "start": { "line": 48, "column": 10 }, "end": { "line": 48, "column": null } },
      "10": { "start": { "line": 49, "column": 10 }, "end": { "line": 49, "column": null } },
      "11": { "start": { "line": 52, "column": 4 }, "end": { "line": 54, "column": null } },
      "12": { "start": { "line": 53, "column": 6 }, "end": { "line": 53, "column": null } },
      "13": { "start": { "line": 56, "column": 21 }, "end": { "line": 59, "column": null } },
      "14": { "start": { "line": 61, "column": 4 }, "end": { "line": 71, "column": null } },
      "15": { "start": { "line": 62, "column": 12 }, "end": { "line": 62, "column": null } },
      "16": { "start": { "line": 63, "column": 6 }, "end": { "line": 70, "column": null } },
      "17": { "start": { "line": 64, "column": 8 }, "end": { "line": 68, "column": null } },
      "18": { "start": { "line": 65, "column": 10 }, "end": { "line": 65, "column": null } },
      "19": { "start": { "line": 67, "column": 10 }, "end": { "line": 67, "column": null } },
      "20": { "start": { "line": 69, "column": 8 }, "end": { "line": 69, "column": null } },
      "21": { "start": { "line": 77, "column": 4 }, "end": { "line": 77, "column": null } },
      "22": { "start": { "line": 78, "column": 4 }, "end": { "line": 78, "column": null } },
      "23": { "start": { "line": 79, "column": 4 }, "end": { "line": 79, "column": null } },
      "24": { "start": { "line": 85, "column": 4 }, "end": { "line": 85, "column": null } },
      "25": { "start": { "line": 86, "column": 4 }, "end": { "line": 86, "column": null } },
      "26": { "start": { "line": 87, "column": 4 }, "end": { "line": 87, "column": null } },
      "27": { "start": { "line": 93, "column": 4 }, "end": { "line": 93, "column": null } },
      "28": { "start": { "line": 94, "column": 4 }, "end": { "line": 94, "column": null } },
      "29": { "start": { "line": 95, "column": 4 }, "end": { "line": 95, "column": null } },
      "30": { "start": { "line": 101, "column": 4 }, "end": { "line": 101, "column": null } },
      "31": { "start": { "line": 102, "column": 4 }, "end": { "line": 102, "column": null } },
      "32": { "start": { "line": 103, "column": 4 }, "end": { "line": 103, "column": null } },
      "33": { "start": { "line": 110, "column": 4 }, "end": { "line": 110, "column": null } },
      "34": { "start": { "line": 111, "column": 4 }, "end": { "line": 111, "column": null } }
    },
    "fnMap": {
      "0": {
        "name": "(anonymous_0)",
        "decl": { "start": { "line": 16, "column": 2 }, "end": { "line": 16, "column": null } },
        "loc": { "start": { "line": 20, "column": 4 }, "end": { "line": 28, "column": null } },
        "line": 20
      },
      "1": {
        "name": "(anonymous_1)",
        "decl": { "start": { "line": 33, "column": 2 }, "end": { "line": 33, "column": 27 } },
        "loc": { "start": { "line": 33, "column": 27 }, "end": { "line": 42, "column": null } },
        "line": 33
      },
      "2": {
        "name": "(anonymous_2)",
        "decl": { "start": { "line": 47, "column": 8 }, "end": { "line": 47, "column": 41 } },
        "loc": { "start": { "line": 47, "column": 41 }, "end": { "line": 72, "column": null } },
        "line": 47
      },
      "3": {
        "name": "(anonymous_3)",
        "decl": { "start": { "line": 61, "column": 23 }, "end": { "line": 61, "column": 24 } },
        "loc": { "start": { "line": 61, "column": 44 }, "end": { "line": 71, "column": 5 } },
        "line": 61
      },
      "4": {
        "name": "(anonymous_4)",
        "decl": { "start": { "line": 63, "column": 60 }, "end": { "line": 63, "column": 61 } },
        "loc": { "start": { "line": 63, "column": 71 }, "end": { "line": 70, "column": 7 } },
        "line": 63
      },
      "5": {
        "name": "(anonymous_5)",
        "decl": { "start": { "line": 76, "column": 2 }, "end": { "line": 76, "column": 14 } },
        "loc": { "start": { "line": 76, "column": 52 }, "end": { "line": 80, "column": null } },
        "line": 76
      },
      "6": {
        "name": "(anonymous_6)",
        "decl": { "start": { "line": 84, "column": 2 }, "end": { "line": 84, "column": 14 } },
        "loc": { "start": { "line": 84, "column": 52 }, "end": { "line": 88, "column": null } },
        "line": 84
      },
      "7": {
        "name": "(anonymous_7)",
        "decl": { "start": { "line": 92, "column": 2 }, "end": { "line": 92, "column": 14 } },
        "loc": { "start": { "line": 92, "column": 53 }, "end": { "line": 96, "column": null } },
        "line": 92
      },
      "8": {
        "name": "(anonymous_8)",
        "decl": { "start": { "line": 100, "column": 2 }, "end": { "line": 100, "column": 14 } },
        "loc": { "start": { "line": 100, "column": 53 }, "end": { "line": 104, "column": null } },
        "line": 100
      },
      "9": {
        "name": "(anonymous_9)",
        "decl": { "start": { "line": 109, "column": 8 }, "end": { "line": 109, "column": 40 } },
        "loc": { "start": { "line": 109, "column": 40 }, "end": { "line": 112, "column": null } },
        "line": 109
      }
    },
    "branchMap": {
      "0": {
        "loc": { "start": { "line": 25, "column": 4 }, "end": { "line": 27, "column": null } },
        "type": "if",
        "locations": [
          { "start": { "line": 25, "column": 4 }, "end": { "line": 27, "column": null } },
          { "start": {}, "end": {} }
        ],
        "line": 25
      },
      "1": {
        "loc": { "start": { "line": 52, "column": 4 }, "end": { "line": 54, "column": null } },
        "type": "if",
        "locations": [
          { "start": { "line": 52, "column": 4 }, "end": { "line": 54, "column": null } },
          { "start": {}, "end": {} }
        ],
        "line": 52
      },
      "2": {
        "loc": { "start": { "line": 64, "column": 8 }, "end": { "line": 68, "column": null } },
        "type": "if",
        "locations": [
          { "start": { "line": 64, "column": 8 }, "end": { "line": 68, "column": null } },
          { "start": { "line": 66, "column": 15 }, "end": { "line": 68, "column": null } }
        ],
        "line": 64
      }
    },
    "s": {
      "0": 1,
      "1": 1,
      "2": 16,
      "3": 16,
      "4": 16,
      "5": 16,
      "6": 16,
      "7": 16,
      "8": 9,
      "9": 4,
      "10": 4,
      "11": 4,
      "12": 0,
      "13": 4,
      "14": 4,
      "15": 4,
      "16": 4,
      "17": 4,
      "18": 0,
      "19": 4,
      "20": 4,
      "21": 1,
      "22": 1,
      "23": 1,
      "24": 1,
      "25": 1,
      "26": 1,
      "27": 2,
      "28": 2,
      "29": 2,
      "30": 2,
      "31": 2,
      "32": 2,
      "33": 1,
      "34": 1
    },
    "f": { "0": 16, "1": 9, "2": 4, "3": 4, "4": 4, "5": 1, "6": 1, "7": 2, "8": 2, "9": 1 },
    "b": { "0": [16, 0], "1": [0, 4], "2": [0, 4] },
    "meta": {
      "lastBranch": 3,
      "lastFunction": 10,
      "lastStatement": 35,
      "seen": {
        "s:12:6:12:Infinity": 0,
        "s:13:6:13:Infinity": 1,
        "f:16:2:16:Infinity": 0,
        "s:21:4:21:Infinity": 2,
        "s:18:20:18:Infinity": 3,
        "s:19:20:19:Infinity": 4,
        "s:22:4:22:Infinity": 5,
        "b:25:4:27:Infinity:undefined:undefined:undefined:undefined": 0,
        "s:25:4:27:Infinity": 6,
        "s:26:6:26:Infinity": 7,
        "f:33:2:33:27": 1,
        "s:34:4:41:Infinity": 8,
        "f:47:8:47:41": 2,
        "s:48:10:48:Infinity": 9,
        "s:49:10:49:Infinity": 10,
        "b:52:4:54:Infinity:undefined:undefined:undefined:undefined": 1,
        "s:52:4:54:Infinity": 11,
        "s:53:6:53:Infinity": 12,
        "s:56:21:59:Infinity": 13,
        "s:61:4:71:Infinity": 14,
        "f:61:23:61:24": 3,
        "s:62:12:62:Infinity": 15,
        "s:63:6:70:Infinity": 16,
        "f:63:60:63:61": 4,
        "b:64:8:68:Infinity:66:15:68:Infinity": 2,
        "s:64:8:68:Infinity": 17,
        "s:65:10:65:Infinity": 18,
        "s:67:10:67:Infinity": 19,
        "s:69:8:69:Infinity": 20,
        "f:76:2:76:14": 5,
        "s:77:4:77:Infinity": 21,
        "s:78:4:78:Infinity": 22,
        "s:79:4:79:Infinity": 23,
        "f:84:2:84:14": 6,
        "s:85:4:85:Infinity": 24,
        "s:86:4:86:Infinity": 25,
        "s:87:4:87:Infinity": 26,
        "f:92:2:92:14": 7,
        "s:93:4:93:Infinity": 27,
        "s:94:4:94:Infinity": 28,
        "s:95:4:95:Infinity": 29,
        "f:100:2:100:14": 8,
        "s:101:4:101:Infinity": 30,
        "s:102:4:102:Infinity": 31,
        "s:103:4:103:Infinity": 32,
        "f:109:8:109:40": 9,
        "s:110:4:110:Infinity": 33,
        "s:111:4:111:Infinity": 34
      }
    }
  },
  "/Users/josephm@backbase.com/Documents/Personal/Agentic notes/Projects/Ollama-CLI-application/src/infrastructure/logging/debug-loggers.ts": {
    "path": "/Users/josephm@backbase.com/Documents/Personal/Agentic notes/Projects/Ollama-CLI-application/src/infrastructure/logging/debug-loggers.ts",
    "statementMap": {
      "0": { "start": { "line": 10, "column": 13 }, "end": { "line": 10, "column": null } },
      "1": { "start": { "line": 13, "column": 13 }, "end": { "line": 13, "column": null } },
      "2": { "start": { "line": 16, "column": 13 }, "end": { "line": 16, "column": null } },
      "3": { "start": { "line": 19, "column": 13 }, "end": { "line": 19, "column": null } },
      "4": { "start": { "line": 22, "column": 13 }, "end": { "line": 22, "column": null } },
      "5": { "start": { "line": 25, "column": 13 }, "end": { "line": 25, "column": null } }
    },
    "fnMap": {},
    "branchMap": {},
    "s": { "0": 2, "1": 2, "2": 2, "3": 2, "4": 2, "5": 2 },
    "f": {},
    "b": {},
    "meta": {
      "lastBranch": 0,
      "lastFunction": 0,
      "lastStatement": 6,
      "seen": {
        "s:10:13:10:Infinity": 0,
        "s:13:13:13:Infinity": 1,
        "s:16:13:16:Infinity": 2,
        "s:19:13:19:Infinity": 3,
        "s:22:13:22:Infinity": 4,
        "s:25:13:25:Infinity": 5
      }
    }
  }
}
